<?xml version="1.0" encoding="UTF-8"?>
<!-- Generated by org.testng.reporters.JUnitReportReporter -->
<testsuite hostname="CSAINT" failures="0" tests="6" name="com.paraBanking.TestLayer.TC_002_LOGIN" time="23.487" errors="0" timestamp="2022-12-05T23:33:35 EST" skipped="0">
  <testcase classname="com.paraBanking.TestLayer.TC_002_LOGIN" name="EmptyUsername" time="3.654"/>
  <system-out/>
  <testcase classname="com.paraBanking.TestLayer.TC_002_LOGIN" name="Login" time="3.801"/>
  <system-out/>
  <testcase classname="com.paraBanking.TestLayer.TC_002_LOGIN" name="Login" time="3.877"/>
  <system-out/>
  <testcase classname="com.paraBanking.TestLayer.TC_002_LOGIN" name="Login" time="3.967"/>
  <system-out/>
  <testcase classname="com.paraBanking.TestLayer.TC_002_LOGIN" name="Login" time="3.885"/>
  <system-out/>
  <testcase classname="com.paraBanking.TestLayer.TC_002_LOGIN" name="Login" time="4.303"/>
  <system-out/>
</testsuite> <!-- com.paraBanking.TestLayer.TC_002_LOGIN -->
