<?xml version="1.0" encoding="UTF-8"?>
<!-- Generated by org.testng.reporters.JUnitReportReporter -->
<testsuite hostname="CSAINT" failures="0" tests="1" name="com.paraBanking.TestLayer.TC_OpenNewAccount" time="3.848" errors="0" timestamp="2022-12-05T20:19:59 EST" skipped="0">
  <testcase classname="com.paraBanking.TestLayer.TC_OpenNewAccount" name="ValidLogin" time="3.848"/>
  <system-out/>
</testsuite> <!-- com.paraBanking.TestLayer.TC_OpenNewAccount -->
